// Initial random seed:
1648056736402

// RunInitializeCallbacks():
initializeMutationRate(0);
initializeMutationType(1, 0.5, "f", 0);
initializeGenomicElementType(1, m1, 1);
initializeGenomicElement(g1, 0, 999);
initializeSex("A");
initializeRecombinationRate(c(0, 0, 0, 0, 0, 0, 0, 0, 0, 0, 0, 0, 0, 0, 0, 0, 0, 0, 0, 0, 0, 0, 0, 0, 0, 0, 0, 0, 0, 0, 0, 0, 0, 0, 0, 0, 0, 0, 0, 0, 0, 0, 0, 0, 0, 0, 0, 0, 0, 0, 0, 0, 0, 0, 0, 0, 0, 0, 0, 0, 0, 0, 0, 0, 0, 0, 0, 0, 0, 0, 0, 0, 0, 0, 0, 0, 0, 0, 0, 0, 0, 0, 0, 0, 0, 0, 0, 0, 0, 0, 0, 0, 0, 0, 0, 0, 0, 0, 0, 0, 0, 0, 0, 0, 0, 0, 0, 0, 0, 0, 0, 0, 0, 0, 0, 0, 0, 0, 0, 0, 0, 0, 0, 0, 0, 0, 0, 0, 0, 0, 0, 0, 0, 0, 0, 0, 0, 0, 0, 0, 0, 0, 0, 0, 0, 0, 0, 0, 0, 0, 0, 0, 0, 0, 0, 0, 0, 0, 0, 0, 0, 0, 0, 0, 0, 0, 0, 0, 0, 0, 0, 0, 0, 0, 0, 0, 0, 0, 0, 0, 0, 0, 0, 0, 0, 0, 0, 0, 0, 0, 0, 0, 0, 0, 0, 0, 0, 0, 0, 0, 0, 0, 0, 0, 0, 0, 0, 0, 0, 0, 0, 0, 0, 0, 0, 0, 0, 0, 0, 0, 0, 0, 0, 0, 0, 0, 0, 0, 0, 0, 0, 0, 0, 0, 0, 0, 0, 0, 0, 0, 0, 0, 0, 0, 0, 0, 0, 0, 0, 0, 0, 0, 0, 0, 0, 0, 0, 0, 0, 0, 0, 0, 0, 0, 0, 0, 0, 0, 0, 0, 0, 0, 0, 0, 0, 0, 0, 0, 0, 0, 0, 0, 0, 0, 0, 0, 0, 0, 0, 0, 0, 0, 0, 0, 0, 0, 0, 0, 0, 0, 0, 0, 0, 0, 0, 0, 0, 0, 0, 0, 0, 0, 0, 0, 0, 0, 0, 0, 0, 0, 0, 0, 0, 0, 0, 0, 0, 0, 0, 0, 0, 0, 0, 0, 0, 0, 0, 0, 0, 0, 0, 0, 0, 0, 0, 0, 0, 0, 0, 0, 0, 0, 0, 0, 0, 0, 0, 0, 0, 0, 0, 0, 0, 0, 0, 0, 0, 0, 0, 0, 0, 0, 0, 0, 0, 0, 0, 0, 0, 0, 0, 0, 0, 0, 0, 0, 0, 0, 0, 0, 0, 0, 0, 0, 0, 0, 0, 0, 0, 0, 0, 0, 0, 0, 0, 0, 0, 0, 0, 0, 0, 0, 0, 0, 0, 0, 0, 0, 0, 0, 0, 0, 0, 0, 0, 0, 0, 0, 0, 0, 0, 0, 0, 0, 0, 0, 0, 0, 0, 0, 0, 0.5, 0, 0, 0, 0, 0, 0, 0, 0, 0, 0, 0, 0, 0, 0, 0, 0, 0, 0, 0, 0, 0, 0, 0, 0, 0, 0, 0, 0, 0, 0, 0, 0, 0, 0, 0, 0, 0, 0, 0, 0, 0, 0, 0, 0, 0, 0, 0, 0, 0, 0, 0, 0, 0, 0, 0, 0, 0, 0, 0, 0, 0, 0, 0, 0, 0, 0, 0, 0, 0, 0, 0, 0, 0, 0, 0, 0, 0, 0, 0, 0, 0, 0, 0, 0, 0, 0, 0, 0, 0, 0, 0, 0, 0, 0, 0, 0, 0, 0, 0, 0, 0, 0, 0, 0, 0, 0, 0, 0, 0, 0, 0, 0, 0, 0, 0, 0, 0, 0, 0, 0, 0, 0, 0, 0, 0, 0, 0, 0, 0, 0, 0, 0, 0, 0, 0, 0, 0, 0, 0, 0, 0, 0, 0, 0, 0, 0, 0, 0, 0, 0, 0, 0, 0, 0, 0, 0, 0, 0, 0, 0, 0, 0, 0, 0, 0, 0, 0, 0, 0, 0, 0, 0, 0, 0, 0, 0, 0, 0, 0, 0, 0, 0, 0, 0, 0, 0, 0, 0, 0, 0, 0, 0, 0, 0, 0, 0, 0, 0, 0, 0, 0, 0, 0, 0, 0, 0, 0, 0, 0, 0, 0, 0, 0, 0, 0, 0, 0, 0, 0, 0, 0, 0, 0, 0, 0, 0, 0, 0, 0, 0, 0, 0, 0, 0, 0, 0, 0, 0, 0, 0, 0, 0, 0, 0, 0, 0, 0, 0, 0, 0, 0, 0, 0, 0, 0, 0, 0, 0, 0, 0, 0, 0, 0, 0, 0, 0, 0, 0, 0, 0, 0, 0, 0, 0, 0, 0, 0, 0, 0, 0, 0, 0, 0, 0, 0, 0, 0, 0, 0, 0, 0, 0, 0, 0, 0, 0, 0, 0, 0, 0, 0, 0, 0, 0, 0, 0, 0, 0, 0, 0, 0, 0, 0, 0, 0, 0, 0, 0, 0, 0, 0, 0, 0, 0, 0, 0, 0, 0, 0, 0, 0, 0, 0, 0, 0, 0, 0, 0, 0, 0, 0, 0, 0, 0, 0, 0, 0, 0, 0, 0, 0, 0, 0, 0, 0, 0, 0, 0, 0, 0, 0, 0, 0, 0, 0, 0, 0, 0, 0, 0, 0, 0, 0, 0, 0, 0, 0, 0, 0, 0, 0, 0, 0, 0, 0, 0, 0, 0, 0, 0, 0, 0, 0, 0, 0, 0, 0, 0, 0, 0, 0, 0, 0, 0, 0, 0, 0, 0, 0, 0, 0, 0, 0, 0, 0, 0, 0, 0, 0, 0, 0, 0, 0, 0, 0, 0, 0, 0, 0, 0, 0, 0, 0, 0, 0, 0, 0, 0, 0, 0, 0, 0, 0, 0, 0, 0, 0, 0, 0, 0, 0, 0, 0, 0, 0, 0, 0, 0, 0, 0, 0, 0, 0, 0, 0, 0, 0, 0, 0, 0, 0, 0, 0, 0, 0, 0, 0, 0, 0, 0, 0, 0, 0, 0, 0, 0, 0, 0, 0, 0, 0, 0, 0, 0, 0, 0, 0, 0, 0, 0, 0, 0, 0, 0, 0, 0, 0, 0, 0, 0, 0, 0, 0, 0, 0, 0, 0, 0, 0, 0, 0, 0, 0, 0, 0, 0, 0, 0, 0, 0, 0, 0, 0, 0, 0, 0, 0, 0, 0, 0, 0, 0, 0, 0, 0, 0.5, 0, 0, 0, 0, 0, 0, 0, 0, 0, 0, 0), c(1, 2, 3, 4, 5, 6, 7, 8, 9, 10, 11, 12, 13, 14, 15, 16, 17, 18, 19, 20, 21, 22, 23, 24, 25, 26, 27, 28, 29, 30, 31, 32, 33, 34, 35, 36, 37, 38, 39, 40, 41, 42, 43, 44, 45, 46, 47, 48, 49, 50, 51, 52, 53, 54, 55, 56, 57, 58, 59, 60, 61, 62, 63, 64, 65, 66, 67, 68, 69, 70, 71, 72, 73, 74, 75, 76, 77, 78, 79, 80, 81, 82, 83, 84, 85, 86, 87, 88, 89, 90, 91, 92, 93, 94, 95, 96, 97, 98, 99, 100, 101, 102, 103, 104, 105, 106, 107, 108, 109, 110, 111, 112, 113, 114, 115, 116, 117, 118, 119, 120, 121, 122, 123, 124, 125, 126, 127, 128, 129, 130, 131, 132, 133, 134, 135, 136, 137, 138, 139, 140, 141, 142, 143, 144, 145, 146, 147, 148, 149, 150, 151, 152, 153, 154, 155, 156, 157, 158, 159, 160, 161, 162, 163, 164, 165, 166, 167, 168, 169, 170, 171, 172, 173, 174, 175, 176, 177, 178, 179, 180, 181, 182, 183, 184, 185, 186, 187, 188, 189, 190, 191, 192, 193, 194, 195, 196, 197, 198, 199, 200, 201, 202, 203, 204, 205, 206, 207, 208, 209, 210, 211, 212, 213, 214, 215, 216, 217, 218, 219, 220, 221, 222, 223, 224, 225, 226, 227, 228, 229, 230, 231, 232, 233, 234, 235, 236, 237, 238, 239, 240, 241, 242, 243, 244, 245, 246, 247, 248, 249, 250, 251, 252, 253, 254, 255, 256, 257, 258, 259, 260, 261, 262, 263, 264, 265, 266, 267, 268, 269, 270, 271, 272, 273, 274, 275, 276, 277, 278, 279, 280, 281, 282, 283, 284, 285, 286, 287, 288, 289, 290, 291, 292, 293, 294, 295, 296, 297, 298, 299, 300, 301, 302, 303, 304, 305, 306, 307, 308, 309, 310, 311, 312, 313, 314, 315, 316, 317, 318, 319, 320, 321, 322, 323, 324, 325, 326, 327, 328, 329, 330, 331, 332, 333, 334, 335, 336, 337, 338, 339, 340, 341, 342, 343, 344, 345, 346, 347, 348, 349, 350, 351, 352, 353, 354, 355, 356, 357, 358, 359, 360, 361, 362, 363, 364, 365, 366, 367, 368, 369, 370, 371, 372, 373, 374, 375, 376, 377, 378, 379, 380, 381, 382, 383, 384, 385, 386, 387, 388, 389, 390, 391, 392, 393, 394, 395, 396, 397, 398, 399, 400, 401, 402, 403, 404, 405, 406, 407, 408, 409, 410, 411, 412, 413, 414, 415, 416, 417, 418, 419, 420, 421, 422, 423, 424, 425, 426, 427, 428, 429, 430, 431, 432, 433, 434, 435, 436, 437, 438, 439, 440, 441, 442, 443, 444, 445, 446, 447, 448, 449, 450, 451, 452, 453, 454, 455, 456, 457, 458, 459, 460, 461, 462, 463, 464, 465, 466, 467, 468, 469, 470, 471, 472, 473, 474, 475, 476, 477, 478, 479, 480, 481, 482, 483, 484, 485, 486, 487, 488, 489, 490, 491, 492, 493, 494, 495, 496, 497, 498, 499, 500, 501, 502, 503, 504, 505, 506, 507, 508, 509, 510, 511, 512, 513, 514, 515, 516, 517, 518, 519, 520, 521, 522, 523, 524, 525, 526, 527, 528, 529, 530, 531, 532, 533, 534, 535, 536, 537, 538, 539, 540, 541, 542, 543, 544, 545, 546, 547, 548, 549, 550, 551, 552, 553, 554, 555, 556, 557, 558, 559, 560, 561, 562, 563, 564, 565, 566, 567, 568, 569, 570, 571, 572, 573, 574, 575, 576, 577, 578, 579, 580, 581, 582, 583, 584, 585, 586, 587, 588, 589, 590, 591, 592, 593, 594, 595, 596, 597, 598, 599, 600, 601, 602, 603, 604, 605, 606, 607, 608, 609, 610, 611, 612, 613, 614, 615, 616, 617, 618, 619, 620, 621, 622, 623, 624, 625, 626, 627, 628, 629, 630, 631, 632, 633, 634, 635, 636, 637, 638, 639, 640, 641, 642, 643, 644, 645, 646, 647, 648, 649, 650, 651, 652, 653, 654, 655, 656, 657, 658, 659, 660, 661, 662, 663, 664, 665, 666, 667, 668, 669, 670, 671, 672, 673, 674, 675, 676, 677, 678, 679, 680, 681, 682, 683, 684, 685, 686, 687, 688, 689, 690, 691, 692, 693, 694, 695, 696, 697, 698, 699, 700, 701, 702, 703, 704, 705, 706, 707, 708, 709, 710, 711, 712, 713, 714, 715, 716, 717, 718, 719, 720, 721, 722, 723, 724, 725, 726, 727, 728, 729, 730, 731, 732, 733, 734, 735, 736, 737, 738, 739, 740, 741, 742, 743, 744, 745, 746, 747, 748, 749, 750, 751, 752, 753, 754, 755, 756, 757, 758, 759, 760, 761, 762, 763, 764, 765, 766, 767, 768, 769, 770, 771, 772, 773, 774, 775, 776, 777, 778, 779, 780, 781, 782, 783, 784, 785, 786, 787, 788, 789, 790, 791, 792, 793, 794, 795, 796, 797, 798, 799, 800, 801, 802, 803, 804, 805, 806, 807, 808, 809, 810, 811, 812, 813, 814, 815, 816, 817, 818, 819, 820, 821, 822, 823, 824, 825, 826, 827, 828, 829, 830, 831, 832, 833, 834, 835, 836, 837, 838, 839, 840, 841, 842, 843, 844, 845, 846, 847, 848, 849, 850, 851, 852, 853, 854, 855, 856, 857, 858, 859, 860, 861, 862, 863, 864, 865, 866, 867, 868, 869, 870, 871, 872, 873, 874, 875, 876, 877, 878, 879, 880, 881, 882, 883, 884, 885, 886, 887, 888, 889, 890, 891, 892, 893, 894, 895, 896, 897, 898, 899, 900, 901, 902, 903, 904, 905, 906, 907, 908, 909, 910, 911, 912, 913, 914, 915, 916, 917, 918, 919, 920, 921, 922, 923, 924, 925, 926, 927, 928, 929, 930, 931, 932, 933, 934, 935, 936, 937, 938, 939, 940, 941, 942, 943, 944, 945, 946, 947, 948, 949, 950, 951, 952, 953, 954, 955, 956, 957, 958, 959, 960, 961, 962, 963, 964, 965, 966, 967, 968, 969, 970, 971, 972, 973, 974, 975, 976, 977, 978, 979, 980, 981, 982, 983, 984, 985, 986, 987, 988, 989, 990, 991, 992, 993, 994, 995, 996, 997, 998, 999));
initializeRecombinationRate(c(0, 4.99991e-05, 0.000259551, 0.00100955, 0.00189367, 0.0013323, 0.00213048, 0.00319551, 0.0037116, 0.00319253, 0.00369931, 0.00165206, 0.00145709, 0.00295617, 0.00282297, 0.0021348, 0.00489863, 0.00327634, 0.00193391, 0.0037602, 0.00254372, 0.00446266, 0.00285505, 0.00462233, 0.00402012, 0.00147067, 0.00114116, 0.00694057, 0.00266624, 0.00312876, 0.00533033, 0.0037081, 0.00298668, 0.00643788, 0.0082192, 0.00758614, 0.00451916, 0.0077644, 0.00610093, 0.00395465, 0.00203298, 0.00356816, 0.0082408, 0.00832627, 0.00635361, 0.00429873, 0.00739497, 0.00222647, 0.00373916, 0.00397623, 0.00197793, 0.00155481, 0.00214394, 0.00255438, 0.00168518, 0.00460954, 0.00349224, 0.00430539, 0.00386503, 0.00327166, 0.00268792, 0.00289398, 0.00803085, 0.00618225, 0.00321469, 0.00271335, 0.00194966, 0.00273862, 0.00241917, 0.00221677, 0.00574967, 0.00643885, 0.00615254, 0.00427537, 0.00363365, 0.00284928, 0.00502865, 0.00313731, 0.00214927, 0.00385652, 0.00296223, 0.00229489, 0.00269482, 0.000488615, 0.00264744, 0.00515698, 0.00382447, 0.00520255, 0.00408655, 0.0055823, 0.00993794, 0.00814703, 0.00459073, 0.00367572, 0.0041494, 0.00325101, 0.00352469, 0.00308937, 0.00382746, 0.00317566, 0.00215636, 0.00248555, 0.00144758, 0.00108324, 0.0015573, 0.00173239, 0.0023012, 0.00282582, 0.00404201, 0.007137, 0.00385188, 0.00200589, 0.00560441, 0.00763068, 0.00310192, 0.00194968, 0.00220099, 0.00446374, 0.0027716, 0.000945453, 0.00185567, 0.00383593, 0.00242674, 0.00403014, 0.00227584, 0.00247303, 0.00281116, 0.00215187, 0.00194224, 0.0057353, 0.00201998, 0.00386952, 0.0012715, 0.00168403, 0.00129775, 0.00118134, 0.00273513, 0.00265507, 0.00172114, 0.000821421, 0.00218717, 0.00105645, 0.000401717, 0.000785626, 0.000625976, 0.0012402, 0.00302045, 0.0042569, 0.00430882, 0.00323911, 0.00441017, 0.00262136, 0.00510799, 0.00201152, 0.00211521, 0.00185886, 0.00164241, 0.000534215, 0.000129775, 0.000500776, 0.000764695, 0.00192364, 0.000950417, 0.000665866, 0.000450208, 0.000307933, 0.000259551, 0.000259551, 0.000275746, 0.00140198, 0.000129775, 0.000247137, 0.000519101, 0.000262616, 0.000229869, 0.00021108, 0.000231399, 0.000145427, 0.0011946, 0.000325099, 0.000511477, 0.000176626, 0.00014085, 0.000143702, 0.000596956, 0.000488098, 0.000279974, 0.000107391, 0.00242471, 0.00109071, 0.000305171, 0.000129775, 6.26953e-05, 0.000238742, 0.000113084, 0, 0, 1.23068e-05, 0.000104968, 0.00089538, 0.00356282, 0.00241332, 0.000239709, 4.24665e-05, 0, 0.000224622, 9.92851e-06, 0, 0, 0, 0, 0, 0, 0, 0, 0, 0, 1.08063e-05, 0.0003437, 0.00101492, 0.000376526, 0.000314866, 0, 0, 0.000366943, 0.00120318, 0.000286556, 0.00020414, 8.85491e-05, 0.000442231, 0.000336933, 0.0001284, 8.85285e-05, 0.0007859, 0.000684694, 0.000592205, 0.000120025, 0.00052169, 0.00156378, 0.000383649, 0.000538989, 0.0019104, 0.00123109, 0.00211165, 0.000611949, 0.00233067, 0.000579436, 0.000770367, 0.00107839, 0.000572296, 0.000558592, 0.00102503, 0.00126018, 0.000488913, 0.000619458, 0.00145658, 0.00142113, 0.000881401, 0.0015865, 0.00451111, 0.00412093, 0.00176721, 0.00375038, 0.00149203, 0.000946961, 0.00175642, 0.00181499, 0.00318177, 0.00234618, 0.0025088, 0.00251686, 0.0033284, 0.00464418, 0.00386122, 0.00819665, 0.00416339, 0.00249498, 0.00209729, 0.00360888, 0.00700915, 0.00392591, 0.00158089, 0.0032618, 0.00836187, 0.00366542, 0.00561349, 0.00372072, 0.00402493, 0.00627558, 0.00882021, 0.00324802, 0.00585664, 0.00256085, 0.00146124, 0.00264053, 0.00237131, 0.00220258, 0.00286048, 0.00184775, 0.00329591, 0.00262599, 0.0070364, 0.00416745, 0.00494091, 0.0044664, 0.00270069, 0.00321209, 0.00238485, 0.00172693, 0.00421339, 0.00649521, 0.00122611, 0.00190553, 0.00303586, 0.00282091, 0.00409258, 0.00401864, 0.00307967, 0.00390208, 0.00400459, 0.00746321, 0.00807787, 0.00386026, 0.00496407, 0.00684758, 0.00621626, 0.00287053, 0.00299597, 0.00202865, 0.00310601, 0.00239019, 0.00497658, 0.00230621, 0.00175802, 0.00298925, 0.00374248, 0.00741635, 0.00564735, 0.00362318, 0.00597513, 0.00350349, 0.00356633, 0.00522597, 0.00614414, 0.0073949, 0.00589168, 0.0044216, 0.006013, 0.00539302, 0.00434976, 0.00243064, 0.00191134, 0.00101567, 0.00119114, 0.00187657, 0.000691728, 0.00282244, 0.00492994, 0.00562931, 0.00382289, 0.00520255, 0.00602994, 0.00347896, 0.00594371, 0.00442084, 0.00534811, 0.00802356, 0.00296062, 0.00345785, 0.00642684, 0.00462323, 0.00282476, 0.00228895, 0.00263082, 0.00254812, 0.00270666, 0.00152058, 0.00843866, 0.00308478, 0.00203942, 0.00293172, 0.00310292, 0.00320769, 0.0028781, 0.00176173, 0.00105968, 0.00815797, 0.00650837, 0.00487388, 0.0047426, 0.00221607, 0.00197982, 0.00184369, 0.00341211, 0.00174489, 0.00252492, 0.00163484, 0.00248546, 0.00272163, 0.00228255, 0.000174352, 4.27653e-05, 0, 0, 0, 0, 0, 0, 0, 0, 0, 0, 0, 0, 0, 0, 0, 0, 0, 2.22e-16, 0, 0, 0, 0, 0, 0, 0, 0, 0, 0, 0, 0, 0, 0, 0, 0, 0, 0, 0, 0, 0, 0.5, 2.16795e-05, 0.000373887, 0.000842128, 0.000458714, 0.000928457, 0.00214635, 0.00196762, 0.00148987, 0.0027534, 0.00252065, 0.00181431, 0.00222433, 0.00400244, 0.00303642, 0.00167814, 0.00273552, 0.00410664, 0.00216695, 0.00494148, 0.00226999, 0.00213383, 0.0023209, 0.00422651, 0.00442268, 0.00329548, 0.00181201, 0.00153706, 0.0014275, 0.00221216, 0.00150394, 0.00226656, 0.0014876, 0.00254797, 0.0047388, 0.00438088, 0.0030832, 0.00303412, 0.00259898, 0.003764, 0.00277505, 0.00520886, 0.00558541, 0.00241263, 0.00294508, 0.00479278, 0.0027489, 0.00494525, 0.00312811, 0.00192727, 0.00204901, 0.00216727, 0.00277738, 0.00235709, 0.00125254, 0.00130198, 0.00110114, 0.00217831, 0.00131944, 0.00311973, 0.000947085, 0.00163099, 0.00252174, 0.00316078, 0.004603, 0.00424321, 0.00243737, 0.00331097, 0.00213423, 0.00116695, 0.00166291, 0.003365, 0.00387542, 0.00330268, 0.00211441, 0.0023704, 0.00283441, 0.00419111, 0.00408155, 0.00397321, 0.00249136, 0.00144766, 0.00343458, 0.00742139, 0.0048583, 0.00127575, 0.00367572, 0.00354452, 0.00331941, 0.00164655, 0.00222628, 0.00208131, 0.00216502, 0.00193755, 0.00488286, 0.00790592, 0.00416983, 0.00430523, 0.00407469, 0.00471675, 0.00417669, 0.00396744, 0.00383743, 0.00346806, 0.00316078, 0.000994669, 0.00054885, 0.00187022, 0.0025016, 0.00306153, 0.00167243, 0.00212469, 0.00503422, 0.00701571, 0.00512787, 0.00265151, 0.00366243, 0.00274202, 0.00217452, 0.00230003, 0.00188165, 0.00155073, 0.00155454, 0.000790782, 0.000731434, 0.00144493, 0.00339091, 0.00189041, 0.00154728, 0.00210265, 0.00125215, 0.00113424, 0.000629127, 0.000504739, 0.00080902, 0.000425628, 0.000895751, 0.00131413, 0.00170212, 0.00171161, 0.00157927, 0.00157544, 0.00345056, 0.00135223, 0.00258529, 0.00146134, 0.00216426, 0.000947089, 0.00249283, 0.00301665, 0.00154846, 0.00120536, 0.00154008, 0.00093227, 0.00175153, 0.00392524, 0.00325437, 0.00195619, 0.00203226, 0.00187252, 0.00072233, 0.000193987, 0.00122626, 0.000837555, 0.00187062, 0.000745904, 9.92726e-05, 0.000663713, 0.00100531, 0.000668674, 0.00102317, 0.00209005, 0.00117877, 0.000912106, 0.0007303, 0.00115016, 0.00217875, 0.00138523, 0.00147052, 0.000458718, 0.00248521, 0.00080756, 0.000160133, 0.000144519, 0.0012689, 0.000239624, 0.000429808, 0.0002016, 0.000130081, 0.00017877, 0.000268534, 0.000110688, 7.94948e-05, 0.000142636, 5.89576e-05, 0.00012361, 0.000765654, 0.000633704, 9.28056e-05, 4.56461e-05, 0, 0, 0.000144536, 6.31416e-05, 0, 0, 3.49923e-05, 0.000203109, 0.000108028, 5.66724e-05, 1.25534e-05, 5.6e-17, 9.12743e-06, 6.00984e-05, 2.35811e-05, 0.000107261, 7.68352e-05, 4.52619e-05, 2.39639e-05, 0, 0, 0, 0, 5.6e-17, 0, 5.6e-17, 0, 0, 0, 5.6e-17, 0, 0, 5.6e-17, 0, 5.6e-17, 0, 5.6e-17, 0, 1.11e-16, 0, 0, 5.6e-17, 0, 0, 0, 0, 0, 1.11e-16, 0, 0, 0, 0, 5.6e-17, 0, 0, 0, 5.6e-17, 0, 1.11e-16, 0, 4.41459e-06, 0.0001044, 0, 1.11e-16, 0, 5.6e-17, 0, 0, 0, 0, 0.000108814, 2.05572e-05, 8.8257e-05, 8.65529e-05, 0.000131075, 0, 0.000232065, 9.43778e-05, 0, 0.000331683, 0.000226368, 9.48337e-05, 5.6e-17, 0.000144177, 0.00053878, 0.000437927, 0.00015821, 0.00096166, 0.000887159, 0.00199374, 0.00023275, 0.000901465, 0.00141341, 0.00246568, 0.0017203, 0.000223064, 0.000260765, 0.00104848, 0.00228408, 0.000470194, 0.00137145, 0.000837221, 0.000147817, 0.000403373, 0.000634265, 0.000802077, 0.0013282, 0.00154515, 0.000412408, 0.000223379, 0.000233488, 0.000600871, 0.000907153, 0.0011971, 0.00108157, 0.00116668, 0.00110525, 0.0038855, 0.00117458, 0.0029287, 0.00230784, 0.00238172, 0.00137775, 0.00130771, 0.000966079, 0.000751309, 0.00173373, 0.00148753, 0.00177101, 0.000641439, 0.00111841, 0.00236995, 0.00113585, 0.00105648, 0.00169209, 0.00303357, 0.00124381, 0.000408717, 0.000861178, 0.000867432, 0.000728905, 0.00144773, 0.00276229, 0.00651157, 0.00485525, 0.00241149, 0.00194989, 0.00814279, 0.00208888, 0.00234412, 0.00256106, 0.00154959, 0.00342634, 0.00440766, 0.00258843, 0.00287699, 0.00571766, 0.00257534, 0.00163838, 0.00375878, 0.00260204, 0.00135035, 0.0016658, 0.00164519, 0.000953666, 0.00182282, 0.00191547, 0.00088168, 0.00135641, 0.000704211, 0.000651779, 0.00125153, 0.0018015, 0.000920608, 0.00172799, 0.00170013, 0.00204817, 0.00291192, 0.00110904, 0.003273, 0.00350887, 0.0065268, 0.00570287, 0.00219241, 0.00479248, 0.0031326, 0.00209112, 0.0059969, 0.00779159, 0.00376413, 0.00584157, 0.0133849, 0.00785838, 0.00321564, 0.00556891, 0.00195586, 0.00413248, 0.00317428, 0.00571061, 0.00516661, 0.0109056, 0.00540251, 0.00216875, 0.000927115, 0.00163956, 0.0016744, 0.00245408, 0.00200123, 0.00369875, 0.00208654, 0.00025222, 0.00230814, 0.00144357, 0.00299262, 0.00599305, 0.00374893, 0.00368431, 0.00435261, 0.00333268, 0.00226431, 0.00329629, 0.00301479, 0.0050444, 0.00513122, 0.00232122, 0.00330248, 0.00352528, 0.00386335, 0.00565499, 0.00377231, 0.0047171, 0.0037526, 0.00237711, 0.00276141, 0.00165164, 0.00180699, 0.00133694, 0.0022394, 0.00497008, 0.00411482, 0.00378919, 0.00347463, 0.0032163, 0.00242523, 0.00320204, 0.00222039, 0.00152132, 0.00235351, 0.00302926, 0.00127803, 0.00200533, 0.00261676, 0.00283229, 0.000923444, 0.00170488, 0.00215814, 0.00102693, 0.00142334, 0.00327231, 0.00399709, 0.00376553, 0.000665479, 0.00330622, 0.00412922, 0.00318058, 0.00456677, 0.00222921, 0.00302719, 0.00454055, 0.00527427, 0.00205237, 0.00642894, 0.00119413, 0.00183273, 0.00154945, 0.000894053, 0.00230961, 0.00250272, 0.00227046, 0.00151894, 0.00175469, 0.00170466, 0.00730261, 0.00394273, 0.00421384, 0.00186516, 0.00228547, 0.00264381, 0.00236868, 0.00156186, 0.00308882, 0.00371255, 0.00127212, 0.00087979, 0.00135488, 0.0011254, 0.000794813, 0.00101146, 0.00166048, 0.000724141, 0.000113656, 4.35039e-05, 0.000174124, 0, 2.22e-16, 0, 0, 0, 0, 1.11e-16, 1.11e-16, 0, 0, 0, 0, 0, 1.11e-16, 0, 0, 0, 0, 2.22e-16, 0, 2.22e-16, 0, 1.11e-16, 0, 0, 0, 1.11e-16, 0, 0, 2.22e-16, 0, 2.22e-16, 0, 0, 0, 0, 0, 0, 0, 0, 0, 0, 0, 0.5, 0, 0, 0, 0, 0, 0, 0, 0, 0, 0, 0), c(1, 2, 3, 4, 5, 6, 7, 8, 9, 10, 11, 12, 13, 14, 15, 16, 17, 18, 19, 20, 21, 22, 23, 24, 25, 26, 27, 28, 29, 30, 31, 32, 33, 34, 35, 36, 37, 38, 39, 40, 41, 42, 43, 44, 45, 46, 47, 48, 49, 50, 51, 52, 53, 54, 55, 56, 57, 58, 59, 60, 61, 62, 63, 64, 65, 66, 67, 68, 69, 70, 71, 72, 73, 74, 75, 76, 77, 78, 79, 80, 81, 82, 83, 84, 85, 86, 87, 88, 89, 90, 91, 92, 93, 94, 95, 96, 97, 98, 99, 100, 101, 102, 103, 104, 105, 106, 107, 108, 109, 110, 111, 112, 113, 114, 115, 116, 117, 118, 119, 120, 121, 122, 123, 124, 125, 126, 127, 128, 129, 130, 131, 132, 133, 134, 135, 136, 137, 138, 139, 140, 141, 142, 143, 144, 145, 146, 147, 148, 149, 150, 151, 152, 153, 154, 155, 156, 157, 158, 159, 160, 161, 162, 163, 164, 165, 166, 167, 168, 169, 170, 171, 172, 173, 174, 175, 176, 177, 178, 179, 180, 181, 182, 183, 184, 185, 186, 187, 188, 189, 190, 191, 192, 193, 194, 195, 196, 197, 198, 199, 200, 201, 202, 203, 204, 205, 206, 207, 208, 209, 210, 211, 212, 213, 214, 215, 216, 217, 218, 219, 220, 221, 222, 223, 224, 225, 226, 227, 228, 229, 230, 231, 232, 233, 234, 235, 236, 237, 238, 239, 240, 241, 242, 243, 244, 245, 246, 247, 248, 249, 250, 251, 252, 253, 254, 255, 256, 257, 258, 259, 260, 261, 262, 263, 264, 265, 266, 267, 268, 269, 270, 271, 272, 273, 274, 275, 276, 277, 278, 279, 280, 281, 282, 283, 284, 285, 286, 287, 288, 289, 290, 291, 292, 293, 294, 295, 296, 297, 298, 299, 300, 301, 302, 303, 304, 305, 306, 307, 308, 309, 310, 311, 312, 313, 314, 315, 316, 317, 318, 319, 320, 321, 322, 323, 324, 325, 326, 327, 328, 329, 330, 331, 332, 333, 334, 335, 336, 337, 338, 339, 340, 341, 342, 343, 344, 345, 346, 347, 348, 349, 350, 351, 352, 353, 354, 355, 356, 357, 358, 359, 360, 361, 362, 363, 364, 365, 366, 367, 368, 369, 370, 371, 372, 373, 374, 375, 376, 377, 378, 379, 380, 381, 382, 383, 384, 385, 386, 387, 388, 389, 390, 391, 392, 393, 394, 395, 396, 397, 398, 399, 400, 401, 402, 403, 404, 405, 406, 407, 408, 409, 410, 411, 412, 413, 414, 415, 416, 417, 418, 419, 420, 421, 422, 423, 424, 425, 426, 427, 428, 429, 430, 431, 432, 433, 434, 435, 436, 437, 438, 439, 440, 441, 442, 443, 444, 445, 446, 447, 448, 449, 450, 451, 452, 453, 454, 455, 456, 457, 458, 459, 460, 461, 462, 463, 464, 465, 466, 467, 468, 469, 470, 471, 472, 473, 474, 475, 476, 477, 478, 479, 480, 481, 482, 483, 484, 485, 486, 487, 488, 489, 490, 491, 492, 493, 494, 495, 496, 497, 498, 499, 500, 501, 502, 503, 504, 505, 506, 507, 508, 509, 510, 511, 512, 513, 514, 515, 516, 517, 518, 519, 520, 521, 522, 523, 524, 525, 526, 527, 528, 529, 530, 531, 532, 533, 534, 535, 536, 537, 538, 539, 540, 541, 542, 543, 544, 545, 546, 547, 548, 549, 550, 551, 552, 553, 554, 555, 556, 557, 558, 559, 560, 561, 562, 563, 564, 565, 566, 567, 568, 569, 570, 571, 572, 573, 574, 575, 576, 577, 578, 579, 580, 581, 582, 583, 584, 585, 586, 587, 588, 589, 590, 591, 592, 593, 594, 595, 596, 597, 598, 599, 600, 601, 602, 603, 604, 605, 606, 607, 608, 609, 610, 611, 612, 613, 614, 615, 616, 617, 618, 619, 620, 621, 622, 623, 624, 625, 626, 627, 628, 629, 630, 631, 632, 633, 634, 635, 636, 637, 638, 639, 640, 641, 642, 643, 644, 645, 646, 647, 648, 649, 650, 651, 652, 653, 654, 655, 656, 657, 658, 659, 660, 661, 662, 663, 664, 665, 666, 667, 668, 669, 670, 671, 672, 673, 674, 675, 676, 677, 678, 679, 680, 681, 682, 683, 684, 685, 686, 687, 688, 689, 690, 691, 692, 693, 694, 695, 696, 697, 698, 699, 700, 701, 702, 703, 704, 705, 706, 707, 708, 709, 710, 711, 712, 713, 714, 715, 716, 717, 718, 719, 720, 721, 722, 723, 724, 725, 726, 727, 728, 729, 730, 731, 732, 733, 734, 735, 736, 737, 738, 739, 740, 741, 742, 743, 744, 745, 746, 747, 748, 749, 750, 751, 752, 753, 754, 755, 756, 757, 758, 759, 760, 761, 762, 763, 764, 765, 766, 767, 768, 769, 770, 771, 772, 773, 774, 775, 776, 777, 778, 779, 780, 781, 782, 783, 784, 785, 786, 787, 788, 789, 790, 791, 792, 793, 794, 795, 796, 797, 798, 799, 800, 801, 802, 803, 804, 805, 806, 807, 808, 809, 810, 811, 812, 813, 814, 815, 816, 817, 818, 819, 820, 821, 822, 823, 824, 825, 826, 827, 828, 829, 830, 831, 832, 833, 834, 835, 836, 837, 838, 839, 840, 841, 842, 843, 844, 845, 846, 847, 848, 849, 850, 851, 852, 853, 854, 855, 856, 857, 858, 859, 860, 861, 862, 863, 864, 865, 866, 867, 868, 869, 870, 871, 872, 873, 874, 875, 876, 877, 878, 879, 880, 881, 882, 883, 884, 885, 886, 887, 888, 889, 890, 891, 892, 893, 894, 895, 896, 897, 898, 899, 900, 901, 902, 903, 904, 905, 906, 907, 908, 909, 910, 911, 912, 913, 914, 915, 916, 917, 918, 919, 920, 921, 922, 923, 924, 925, 926, 927, 928, 929, 930, 931, 932, 933, 934, 935, 936, 937, 938, 939, 940, 941, 942, 943, 944, 945, 946, 947, 948, 949, 950, 951, 952, 953, 954, 955, 956, 957, 958, 959, 960, 961, 962, 963, 964, 965, 966, 967, 968, 969, 970, 971, 972, 973, 974, 975, 976, 977, 978, 979, 980, 981, 982, 983, 984, 985, 986, 987, 988, 989, 990, 991, 992, 993, 994, 995, 996, 997, 998, 999));

// Starting run at generation <start>:
1 

10000
0.05
0.0411436
0.0358308
0.0326319
0.0303302
0.0286334
0.0271462
0.0260292
0.0251435
0.0239658
0.0233676
0.0223236
0.0215423
0.0210509
0.0204453
0.0199591
0.0193336
0.0188431
0.0184782
0.0181263
0.0179103
0.0176137
0.0172653
0.0171064
0.0168288
0.0164454
0.0161431
0.0159554
0.0156248
0.0153984
0.015186
0.0149504
0.0148025
0.0146855
0.0144466
0.0143011
0.0141642
0.0140076
0.0137563
0.0136299
0.0135189
0.0134296
0.0132659
0.0131282
0.0129737
0.012811
0.0126776
0.0124977
0.0124211
0.012267
0.0121059
0.0120045
0.0118745
0.0117014
0.011631
0.0115462
0.011457
0.0113792
0.0113206
0.0112582
0.0111654
0.0111561
0.0111073
0.0110702
0.0110394
0.0110275
0.0108616
0.0108552
0.010767
0.0106923
0.0106954
0.010622
0.0105231
0.0104239
0.0103561
0.0102721
0.0101986
0.0101182
0.0100485
0.00996681
0.00998662
0.00994295
0.00989738
0.00988125
0.00987012
0.00987004
0.00977765
0.0097393
0.00970782
0.00967279
0.00964292
0.00961957
0.00952283
0.00951224
0.00952547
0.00949481
0.00940289
0.00936199
0.00932105
0.00930458
0.00928293
0.0092897
0.00924119
0.00917604
0.00916055
0.00913527
0.00915153
0.00909662
0.00904879
0.00905048
0.00903748
0.00899542
0.00901273
0.00897234
0.00893033
0.00892358
0.00890292
0.00883131
0.00879721
0.00879021
0.00876355
0.00873702
0.00870609
0.00866704
0.00863056
0.00857813
0.00854978
0.00855961
0.00858492
0.00857668
0.00856129
0.00852889
0.00847638
0.00840222
0.00836568
0.00832056
0.00833235
0.00834293
0.00835261
0.0083318
0.00831897
0.00826472
0.00820135
0.00817719
0.00817019
0.00818882
0.00817909
0.00813002
0.00812811
0.00812883
0.00809528
0.00808815
0.00809178
0.00807745
0.00805828
0.00805348
0.00800645
0.00796607
0.00797108
0.00794307
0.0079084
0.00787981
0.00786081
0.00785815
0.00784191
0.00781993
0.00776894
0.0077522
0.00775235
0.00773322
0.00771166
0.00773006
0.00771904
0.00777292
0.00776997
0.00776108
0.00771874
0.00768824
0.0077068
0.00769785
0.00766842
0.00764363
0.00762011
0.00763201
0.00765786
0.00761219
0.00760579
0.00758697
0.007595
0.00758083
0.00755755
0.00755034
0.00753822
0.0075193
0.00750904
0.00752597
0.00753815
0.00753382
0.00752719
0.00754793
