// Initial random seed:
1834306740825

// RunInitializeCallbacks():
initializeMutationRate(0);
initializeMutationType(1, 0.5, "f", 0);
initializeGenomicElementType(1, m1, 1);
initializeGenomicElement(g1, 0, 999);
initializeSex("A");
initializeRecombinationRate(c(0, 0.0796272, 0.0353748, 0.035499, 0.0378726, 0.0469034, 0.054304, 0.0224374, 0.0256115, 0.00655354, 0.027717, 0.0202275, 0.0202267, 0.0224071, 0.0180675, 0.0117935, 0.016501, 0.00654158, 0.0280524, 0.0316634, 0.0377336, 0.0314056, 0.0285113, 0.0202813, 0.0182453, 0.0156306, 0.0181456, 0.0145335, 0.0256294, 0.0208434, 0.0179165, 0.0196253, 0.0168817, 0.0173336, 0.0303193, 0.0173771, 0.01112, 0.0257167, 0.0167787, 0.00987684, 0.00843841, 0.00443285, 0.000290792, 0.000290792, 0.000290792, 0.000290792, 0.000290792, 0.000290792, 0.000290792, 0.00199876, 0.00582597, 0.0126819, 0.0220236, 0.0172922, 0.0410873, 0.0347237, 0.0408004, 0.037723, 0.0226707, 0.0135082, 0.0281647, 0.0147397, 0.0300783, 0.013574, 0.0178317, 0.0124508, 0.0139383, 0.011905, 0.0204267, 0.0231584, 0.0251227, 0.0271236, 0.0140188, 0.0213516, 0.0228327, 0.0198542, 0.0152137, 0.00999603, 0.0208526, 0.0339133, 0.0348014, 0.0416698, 0.0746027, 0.0735057, 0.0489383, 0, 0.5, 0.0166651, 0.0882225, 0.0876607, 0.0328868, 0.0410087, 0.0310359, 0.0182273, 0.0297216, 0.0178536, 0.0118136, 0.0195246, 0.0184268, 0.0166665, 0.0170602, 0.020994, 0.0220096, 0.016277, 0.016784, 0.0163633, 0.0184116, 0.0266031, 0.00816311, 0.0392133, 0.0187264, 0.00832708, 0.0209254, 0.0127242, 0.0171225, 0.0088342, 0.00598302, 0.00176508, 0.00026534, 0.000843245, 0.00465739, 0.0184756, 0.0202896, 0.022572, 0.0071623, 0.0138641, 0.0180916, 0.0181163, 0.0207757, 0.0250156, 0.0150816, 0.023997, 0.0226942, 0.0269241, 0.0250852, 0.0159083, 0.0204494, 0.0151337, 0.023547, 0.0107234, 0.0150971, 0.0141468, 0.0209431, 0.0175626, 0.0162629, 0.0293445, 0.0197289, 0.0122853, 0.0124611, 0.0128466, 0.00813403, 0.0041772, 0.0123778, 0.0104342, 0.0163197, 0.0157388, 0.00904303, 0.0199909, 0.012181, 0.0117983, 0.0128956, 0.0282546, 0.0218546, 0.0329529, 0.026156, 0.0410585, 0.0189786, 0.0708964, 0.0618433, 0.0467583, 0.5, 0.0281248, 0.118334, 0.0552421, 0.0352573, 0.0267684, 0.0164084, 0.015974, 0.0173852, 0.0168204, 0.0144967, 0.0219594, 0.0185241, 0.0168519, 0.0163994, 0.0141096, 0.0144976, 0.00641011, 0.00501446, 0.0374748, 0.0231798, 0.0423912, 0.0424622, 0.0356664, 0.0277833, 0.0281763, 0.0166392, 0.0142355, 0.00594114, 0.0028187, 0.00389198, 0.00186939, 4.37576e-08, 0.000571265, 0.00180495, 0.00353954, 0.0087193, 0.00894202, 0.0114533, 0.0135595, 0.0191067, 0.0394203, 0.0133203, 0.0241693, 0.021659, 0.00883273, 0.0228571, 0.0355865, 0.009066, 0.0172446, 0.0201474, 0.0138051, 0.0200738, 0.0212724, 0.0158129, 0.0141688, 0.0112205, 0.00588009, 0.00862396, 0.0228968, 0.0339013, 0.0151565, 0.0222782, 0.0267884, 0.0238153, 0.0405901, 0.0694547, 0.0690545, 0.0514392, 0.5, 0.00400221, 0.0864952, 0.0797352, 0.025413, 0.0336802, 0.0345782, 0.0339768, 0.042875, 0.0357223, 0.0223324, 0.022896, 0.00997077, 0.0153763, 0.0168904, 0.00678269, 0.00297066, 0.00110622, 2.11835e-05, 0.0032291, 0.00665689, 0.00500784, 0.0074572, 0.00597746, 0.00924944, 0.0157091, 0.0183691, 0.0146655, 0.0191629, 0.020444, 0.0281556, 0.0254554, 0.0146286, 0.0206487, 0.00769921, 0.0132103, 0.0140524, 0.0120207, 0.022167, 0.0226067, 0.0179066, 0.00798617, 0.0153492, 0.0102346, 0.00981504, 0.00832536, 0.00495952, 0.00561561, 0.0232129, 0.0243094, 0.011934, 0.01926, 0.0192185, 0.0226495, 0.0163045, 0.0119679, 0.0120685, 0.017082, 0.0175465, 0.0183256, 0.0180291, 0.0318468, 0.0311453, 0.0422909, 0.102034, 0.0448324, 0.5, 0.0206074, 0.109831, 0.0598827, 0.08002, 0.0311767, 0.0385904, 0.017691, 0.0173012, 0.0101453, 0.00912827, 0.0174299, 0.00799665, 0.00440168, 0.00488277, 0.00106075, 0.000251049, 0, 0.00138615, 0.00448058, 0.00957682, 0.0121739, 0.00936691, 0.0274663, 0.0152912, 0.0277919, 0.0354113, 0.0379196, 0.0189593, 0.0176266, 0.0114032, 0.0198199, 0.0108508, 0.018694, 0.0120143, 0.00466363, 0.0122763, 0.0184371, 0.0159564, 0.00890861, 0.0132686, 0.0122206, 0.0117628, 0.0211129, 0.0157259, 0.00914511, 0.0235447, 0.0208456, 0.00641768, 0.0248351, 0.0183092, 0.0206539, 0.0173255, 0.0118761, 0.0234947, 0.0201046, 0.0205817, 0.0316746, 0.0356881, 0.0420245, 0.070975, 0.0453461, 0, 0.5, 0.0118156, 0.101132, 0.0576836, 0.0361814, 0.0342243, 0.0313924, 0.0223173, 0.0193538, 0.0180641, 0.0024841, 0.00989423, 0.00859481, 0.0152128, 0.0239578, 0.0188837, 0.0207262, 0.00939793, 0.00966978, 0.00979941, 0.00174074, 0, 0.00047491, 0.00362144, 0.00569625, 0.0151546, 0.00999688, 0.00458749, 0.00661724, 0.0108096, 0.00334869, 0.0228728, 0.0210322, 0.0129438, 0.0190831, 0.016928, 0.0166314, 0.0236602, 0.0180683, 0.0195855, 0.00885421, 0.00687449, 0.0097364, 0.0151002, 0.0117322, 0.0170745, 0.0197861, 0.0329237, 0.0216285, 0.0150196, 0.0157136, 0.0288173, 0.0431311, 0.0357794, 0.0287489, 0.0291942, 0.0430555, 0.0703951, 0.0116368, 0.5, 0.00882567, 0.0678767, 0.0413981, 0.0330341, 0.0403629, 0.023486, 0.0260672, 0.0333382, 0.0203988, 0.0321592, 0.0308726, 0.0278803, 0.0263448, 0.0157144, 0.0282722, 0.0115592, 0.0123644, 0.00955164, 0.00250442, 0.00288802, 0, 0.000695012, 0.00180143, 0.0146871, 0.0190792, 0.00889349, 0.0202487, 0.0323094, 0.0276724, 0.0118505, 0.0153694, 0.0156431, 0.0188982, 0.0172017, 0.00776825, 0.0159216, 0.0250102, 0.0191688, 0.00998728, 0.0158869, 0.0162287, 0.0117082, 0.0129732, 0.00812124, 0.0144404, 0.022575, 0.0177318, 0.0215648, 0.0308948, 0.0230247, 0.0372284, 0.025046, 0.0659764, 0.132113, 0, 0.5, 0.00837617, 0.112054, 0.0584094, 0.0174221, 0.04996, 0.030007, 0.0403315, 0.040804, 0.0263715, 0.0163568, 0.018835, 0.00868207, 0.0118891, 0.00548747, 0.00320865, 1.21938e-06, 0.00025729, 0.0030438, 0.00533653, 0.00734896, 0.0107527, 0.00948146, 0.0110535, 0.0109605, 0.01705, 0.0165949, 0.00973895, 0.00831922, 0.0137131, 0.00510922, 0.00640579, 0.0084679, 0.0121217, 0.0214304, 0.0129485, 0.0172137, 0.013952, 0.0152017, 0.0090232, 0.00809186, 0.022648, 0.0251222, 0.0341805, 0.0383689, 0.026281, 0.02177, 0.0543012, 0.0446938, 0.062921, 0.0527616, 0.5, 0.00908111, 0.0792429, 0.0528499, 0.0450863, 0.0423923, 0.0417127, 0.0375476, 0.0190092, 0.0144249, 0.0160585, 0.0140513, 0.00487322, 0.00342667, 0.00254979, 0.000654975, 0.000141579, 0, 0, 0, 0, 0, 0, 3.18064e-05, 0.00300456, 0.0161744, 0.0173174, 0.024528, 0.0138162, 0.018105, 0.0265117, 0.0307331, 0.0372674, 0.0168663, 0.0235387, 0.025387, 0.0119677, 0.0150921, 0.0292803, 0.0257427, 0.0239199, 0.0389687, 0.0278446, 0.0205752, 0.0126077, 0.0381213, 0.04883, 0.113638, 0.5, 0.0235323, 0.122443, 0.0835429, 0.0454373, 0.0484, 0.0357041, 0.0227365, 0.00946864, 0.014477, 0.0104086, 0.00830569, 0.00432997, 0.0022057, 8.27079e-06, 0.00068506, 0.00160765, 0.0023392, 0.00581119, 0.0124062, 0.0085143, 0.0148871, 0.0190752, 0.011284, 0.0202551, 0.0251254, 0.0157398, 0.0379448, 0.0327808, 0.0221401, 0.0164605, 0.0164621, 0.0210448, 0.0115219, 0.0112155, 0.0118573, 0.00730335, 0.00910697, 0.0294357, 0.00820218, 0.0293828, 0.0194494, 0.0321546, 0.0324687, 0.0413282, 0.0934236, 0.0879553, 0.5, 0.00819118, 0.0577765, 0.068509, 0.0305272, 0.0344323, 0.037245, 0.0384827, 0.035995, 0.0146772, 0.0218704, 0.0212741, 0.0236961, 0.0191061, 0.00573235, 0.00694912, 0.00765456, 0.00119867, 5.6e-17, 3.35e-06, 0.00327507, 0.00685178, 0.00503215, 0.00175692, 0.0253302, 0.0187695, 0.0145961, 0.0240993, 0.0224601, 0.0159463, 0.0162471, 0.0103185, 0.0190273, 0.0140769, 0.0102324, 0.00811833, 0.0105378, 0.0150965, 0.0167279, 0.0280899, 0.020921, 0.0209617, 0.0415836, 0.0395594, 0.0541579, 0.0920315, 0, 0.5, 0.0161587, 0.142501, 0.0598464, 0.0293535, 0.044233, 0.028735, 0.0144182, 0.0163247, 0.0213029, 0.00816695, 0.00476648, 0.000893001, 0.000534761, 0.00449234, 0.00938834, 0.00772229, 0.0121772, 0.0194719, 0.0105062, 0.0111021, 0.0165806, 0.0305604, 0.0360452, 0.0206772, 0.0108469, 0.019081, 0.0250646, 0.0141857, 0.00693682, 0.0166123, 0.0252288, 0.0207117, 0.0208403, 0.0196795, 0.0136197, 0.0137772, 0.0153422, 0.0161198, 0.0272896, 0.0354878, 0.0174498, 0.0364865, 0.0982556, 0.126082, 0, 0.5, 0, 0, 0, 0, 0, 0, 0, 0.0650676, 0.0625553, 0.0580042, 0.0677289, 0.0281947, 0.0410964, 0.0354988, 0.0373351, 0.0268308, 0.0098366, 0.0142205, 0.00662895, 0.00612204, 0.00857314, 0.00670563, 0.00692993, 0.00745184, 0.0136407, 0.0212555, 0.014032, 0.0108484, 0.0133808, 0.00923453, 0.0104711, 0.0224701, 0.0210736, 0.0344068, 0.0293543, 0.0508152, 0.0621764, 0.104882, 0.00841267, 0.5, 0, 0, 0, 0, 0, 0, 0, 0.0426836, 0.0583833, 0.0357511, 0.0617301, 0.0410889, 0.0409059, 0.0188581, 0.0196025, 0.0174358, 0.01489, 0.0224796, 0.0264458, 0.0134943, 0.0107943, 0.01336, 0.011196, 0.0165396, 0.0146195, 0.0210772, 0.0322005, 0.0223198, 0.0199607, 0.0354322, 0.042508, 0.0403774, 0.0659547, 0.0796631, 0.0145416, 0, 0.5, 0, 0, 0, 0, 0, 0, 0, 0.00353244, 0.070837, 0.0490549, 0.0570237, 0.0505526, 0.0431918, 0.0287577, 0.00908466, 0.0307495, 0.0136422, 0.0163399, 0.00601408, 0.0337598, 0.0259932, 0.00892219, 0.0217599, 0.023364, 0.00832687, 0.00495142, 0.0208646, 0.0144205, 0.0111638, 0.0348836, 0.0343063, 0.0643979, 0.0796743, 0.0570329, 0, 0.5, 0.0130492, 0.0804033, 0.108308, 0.0501925, 0.0493335, 0.0400315, 0.02003, 0.0195329, 0.0229466, 0.00552741, 0.000734432, 0.000285597, 7.18192e-05, 7.18192e-05, 7.00954e-05, 0.00411488, 0.00862893, 0.0170472, 0.0146018, 0.0195185, 0.0304095, 0.015343, 0.00736263, 0.0239137, 0.0180232, 0.0804286, 0.0535965, 0.0949107, 0.0756288, 0, 0.5, 0.0319287, 0.0914633, 0.0544977, 0.0900575, 0.0540197, 0.01632, 0.00310202, 0.00134536, 0.000915557, 0.0172716, 0.0169368, 0.0125615, 0.0139381, 0.00731958, 0.0102513, 0.0197465, 0.0119043, 0.0374199, 0.00717324, 0.0178238, 0.0294948, 0.0297065, 0.0523524, 0.0474713, 0.0804656, 0.102751, 0, 0, 0.5, 0.021758, 0.11925, 0.0826717, 0.0465255, 0.011996, 0.00069717, 0.00349911, 0.00976121, 0.00588477, 0.0134237, 0.00731593, 0.00878485, 0.0144246, 0.01665, 0.016127, 0.0126491, 0.0185213, 0.0276778, 0.0353449, 0.0287236, 0.0242648, 0.0341571, 0.025743, 0.0641721, 0.082475, 0, 0, 0.5, 0.0355818, 0.0968178, 0.0670638, 0.0193057, 0.0412064, 0.0250023, 0.00531351, 0.000533758, 4.03265e-08, 4.03265e-08, 0.000499378, 0.00981987, 0.0102364, 0.00789252, 0.0149192, 0.0172736, 0.0285856, 0.0491375, 0.106119, 0.5, 0.0238641, 0.110349, 0.0542987, 0.0485112, 0.0354298, 0.0248238, 0.00984117, 0.00397272, 0.000407537, 0.00120268, 0.00171612, 0.00539668, 0.0156701, 0.02271, 0.0261734, 0.0356871, 0.0573467, 0.0496271, 0.0330399, 0, 0, 0.5, 0, 0, 0, 0, 0, 0.0164001, 0.0207486, 0.0311161, 0.0331389, 0.0391674, 0.0486744, 0.054928, 0.0707136, 0.0973597, 0.0109771, 0.5, 0, 0, 0, 0, 0, 0.000264532, 0.0440272, 0.0477301, 0.0859089, 0.0132407, 0.0380507, 0.0356011, 0.0263636, 0.0150412, 0.075931, 0.0655007, 0), c(1, 2, 3, 4, 5, 6, 7, 8, 9, 10, 11, 12, 13, 14, 15, 16, 17, 18, 19, 20, 21, 22, 23, 24, 25, 26, 27, 28, 29, 30, 31, 32, 33, 34, 35, 36, 37, 38, 39, 40, 41, 42, 43, 44, 45, 46, 47, 48, 49, 50, 51, 52, 53, 54, 55, 56, 57, 58, 59, 60, 61, 62, 63, 64, 65, 66, 67, 68, 69, 70, 71, 72, 73, 74, 75, 76, 77, 78, 79, 80, 81, 82, 83, 84, 85, 86, 87, 88, 89, 90, 91, 92, 93, 94, 95, 96, 97, 98, 99, 100, 101, 102, 103, 104, 105, 106, 107, 108, 109, 110, 111, 112, 113, 114, 115, 116, 117, 118, 119, 120, 121, 122, 123, 124, 125, 126, 127, 128, 129, 130, 131, 132, 133, 134, 135, 136, 137, 138, 139, 140, 141, 142, 143, 144, 145, 146, 147, 148, 149, 150, 151, 152, 153, 154, 155, 156, 157, 158, 159, 160, 161, 162, 163, 164, 165, 166, 167, 168, 169, 170, 171, 172, 173, 174, 175, 176, 177, 178, 179, 180, 181, 182, 183, 184, 185, 186, 187, 188, 189, 190, 191, 192, 193, 194, 195, 196, 197, 198, 199, 200, 201, 202, 203, 204, 205, 206, 207, 208, 209, 210, 211, 212, 213, 214, 215, 216, 217, 218, 219, 220, 221, 222, 223, 224, 225, 226, 227, 228, 229, 230, 231, 232, 233, 234, 235, 236, 237, 238, 239, 240, 241, 242, 243, 244, 245, 246, 247, 248, 249, 250, 251, 252, 253, 254, 255, 256, 257, 258, 259, 260, 261, 262, 263, 264, 265, 266, 267, 268, 269, 270, 271, 272, 273, 274, 275, 276, 277, 278, 279, 280, 281, 282, 283, 284, 285, 286, 287, 288, 289, 290, 291, 292, 293, 294, 295, 296, 297, 298, 299, 300, 301, 302, 303, 304, 305, 306, 307, 308, 309, 310, 311, 312, 313, 314, 315, 316, 317, 318, 319, 320, 321, 322, 323, 324, 325, 326, 327, 328, 329, 330, 331, 332, 333, 334, 335, 336, 337, 338, 339, 340, 341, 342, 343, 344, 345, 346, 347, 348, 349, 350, 351, 352, 353, 354, 355, 356, 357, 358, 359, 360, 361, 362, 363, 364, 365, 366, 367, 368, 369, 370, 371, 372, 373, 374, 375, 376, 377, 378, 379, 380, 381, 382, 383, 384, 385, 386, 387, 388, 389, 390, 391, 392, 393, 394, 395, 396, 397, 398, 399, 400, 401, 402, 403, 404, 405, 406, 407, 408, 409, 410, 411, 412, 413, 414, 415, 416, 417, 418, 419, 420, 421, 422, 423, 424, 425, 426, 427, 428, 429, 430, 431, 432, 433, 434, 435, 436, 437, 438, 439, 440, 441, 442, 443, 444, 445, 446, 447, 448, 449, 450, 451, 452, 453, 454, 455, 456, 457, 458, 459, 460, 461, 462, 463, 464, 465, 466, 467, 468, 469, 470, 471, 472, 473, 474, 475, 476, 477, 478, 479, 480, 481, 482, 483, 484, 485, 486, 487, 488, 489, 490, 491, 492, 493, 494, 495, 496, 497, 498, 499, 500, 501, 502, 503, 504, 505, 506, 507, 508, 509, 510, 511, 512, 513, 514, 515, 516, 517, 518, 519, 520, 521, 522, 523, 524, 525, 526, 527, 528, 529, 530, 531, 532, 533, 534, 535, 536, 537, 538, 539, 540, 541, 542, 543, 544, 545, 546, 547, 548, 549, 550, 551, 552, 553, 554, 555, 556, 557, 558, 559, 560, 561, 562, 563, 564, 565, 566, 567, 568, 569, 570, 571, 572, 573, 574, 575, 576, 577, 578, 579, 580, 581, 582, 583, 584, 585, 586, 587, 588, 589, 590, 591, 592, 593, 594, 595, 596, 597, 598, 599, 600, 601, 602, 603, 604, 605, 606, 607, 608, 609, 610, 611, 612, 613, 614, 615, 616, 617, 618, 619, 620, 621, 622, 623, 624, 625, 626, 627, 628, 629, 630, 631, 632, 633, 634, 635, 636, 637, 638, 639, 640, 641, 642, 643, 644, 645, 646, 647, 648, 649, 650, 651, 652, 653, 654, 655, 656, 657, 658, 659, 660, 661, 662, 663, 664, 665, 666, 667, 668, 669, 670, 671, 672, 673, 674, 675, 676, 677, 678, 679, 680, 681, 682, 683, 684, 685, 686, 687, 688, 689, 690, 691, 692, 693, 694, 695, 696, 697, 698, 699, 700, 701, 702, 703, 704, 705, 706, 707, 708, 709, 710, 711, 712, 713, 714, 715, 716, 717, 718, 719, 720, 721, 722, 723, 724, 725, 726, 727, 728, 729, 730, 731, 732, 733, 734, 735, 736, 737, 738, 739, 740, 741, 742, 743, 744, 745, 746, 747, 748, 749, 750, 751, 752, 753, 754, 755, 756, 757, 758, 759, 760, 761, 762, 763, 764, 765, 766, 767, 768, 769, 770, 771, 772, 773, 774, 775, 776, 777, 778, 779, 780, 781, 782, 783, 784, 785, 786, 787, 788, 789, 790, 791, 792, 793, 794, 795, 796, 797, 798, 799, 800, 801, 802, 803, 804, 805, 806, 807, 808, 809, 810, 811, 812, 813, 814, 815, 816, 817, 818, 819, 820, 821, 822, 823, 824, 825, 826, 827, 828, 829, 830, 831, 832, 833, 834, 835, 836, 837, 838, 839, 840, 841, 842, 843, 844, 845, 846, 847, 848, 849, 850, 851, 852, 853, 854, 855, 856, 857, 858, 859, 860, 861, 862, 863, 864, 865, 866, 867, 868, 869, 870, 871, 872, 873, 874, 875, 876, 877, 878, 879, 880, 881, 882, 883, 884, 885, 886, 887, 888, 889, 890, 891, 892, 893, 894, 895, 896, 897, 898, 899, 900, 901, 902, 903, 904, 905, 906, 907, 908, 909, 910, 911, 912, 913, 914, 915, 916, 917, 918, 919, 920, 921, 922, 923, 924, 925, 926, 927, 928, 929, 930, 931, 932, 933, 934, 935, 936, 937, 938, 939, 940, 941, 942, 943, 944, 945, 946, 947, 948, 949, 950, 951, 952, 953, 954, 955, 956, 957, 958, 959, 960, 961, 962, 963, 964, 965, 966, 967, 968, 969, 970, 971, 972, 973, 974, 975, 976, 977, 978, 979, 980, 981, 982, 983, 984, 985, 986, 987, 988, 989, 990, 991, 992, 993, 994, 995, 996, 997, 998, 999));
initializeRecombinationRate(c(0, 0.0591931, 0.0571532, 0.0628105, 0.0711139, 0.0669867, 0.0960268, 0.0624756, 0.0438916, 0.0271187, 0.0755514, 0.0512413, 0.040401, 0.0627848, 0.0397057, 0.0248491, 0.0365496, 0.00321754, 0.0460659, 0.047005, 0.0426556, 0.0617071, 0.0346901, 0.0345783, 0.0219192, 0.0197807, 0.027454, 0.0234733, 0.0472789, 0.0316579, 0.0397824, 0.03087, 0.0280003, 0.0128142, 0.0230549, 0.0256881, 0.0258953, 0.0404683, 0.0852172, 0.0458293, 0.0558117, 0.0227654, 0.000476886, 0.000476886, 0.000476886, 0.000476886, 0.000476886, 0.000476886, 0.000476886, 0.0083634, 0.024976, 0.0187214, 0.0425089, 0.0440605, 0.0614791, 0.0489977, 0.0547873, 0.073882, 0.0212277, 0.0226556, 0.0222624, 0.0327313, 0.0325454, 0.0251306, 0.0212919, 0.0149223, 0.0209663, 0.0182505, 0.0395794, 0.0945936, 0.0673793, 0.0531852, 0.0400647, 0.0481802, 0.062491, 0.0275539, 0.032992, 0.0230915, 0.0462031, 0.0647189, 0.0875512, 0.0920819, 0.0937528, 0.0554794, 0.0268569, 0, 0.5, 0.00572343, 0.0484572, 0.0936594, 0.0876764, 0.0564841, 0.0759594, 0.0392287, 0.0488536, 0.0219039, 0.0398461, 0.0610399, 0.0458257, 0.055365, 0.0237543, 0.0428756, 0.0740201, 0.0494336, 0.0222929, 0.0212517, 0.0141427, 0.0245232, 0.015198, 0.0574838, 0.0427946, 0.0517234, 0.0484647, 0.036501, 0.0511106, 0.0122809, 0.0470863, 0.0250586, 0.00263197, 0.00482048, 0.0126921, 0.0279247, 0.0288005, 0.0423456, 0.0235341, 0.0445605, 0.0191846, 0.0222799, 0.0622214, 0.0184411, 0.0268542, 0.039257, 0.0527237, 0.0297488, 0.0178651, 0.0278739, 0.0220536, 0.0138401, 0.0356385, 0.0239151, 0.0214718, 0.0352248, 0.0197598, 0.023794, 0.0304646, 0.0629666, 0.064548, 0.0413273, 0.02446, 0.0254621, 0.0197887, 0.0111983, 0.0444339, 0.0219466, 0.0184053, 0.0235402, 0.0194018, 0.0584896, 0.032789, 0.0390496, 0.0275886, 0.088999, 0.0687764, 0.0510959, 0.0238701, 0.0654056, 0.0700364, 0.0852132, 0.0461253, 0.0117463, 0.5, 0.0105905, 0.068811, 0.0903141, 0.0732228, 0.0666045, 0.0485296, 0.0219978, 0.0606792, 0.061358, 0.0470149, 0.0812977, 0.0411199, 0.0298545, 0.0285553, 0.0330009, 0.0297304, 0.0048195, 0.00790922, 0.0403174, 0.0237929, 0.0661409, 0.0643233, 0.062235, 0.0274855, 0.0756153, 0.0574857, 0.0353111, 0.0129919, 0.00878296, 0.0114351, 0.0146856, 4.47578e-06, 0.00451367, 0.0123217, 0.0255088, 0.0319973, 0.0410413, 0.0280246, 0.0214213, 0.0305748, 0.0439816, 0.0205577, 0.0359086, 0.047921, 0.0345492, 0.0308431, 0.0402475, 0.0147028, 0.049273, 0.0422864, 0.0328076, 0.0733194, 0.0423114, 0.0243572, 0.0194888, 0.018502, 0.0104989, 0.0179005, 0.0352324, 0.0804196, 0.0619821, 0.0407821, 0.0286229, 0.0597038, 0.0843692, 0.0897248, 0.0589671, 0.0350583, 0.5, 0.000753789, 0.0563314, 0.166575, 0.0345924, 0.0415829, 0.0520788, 0.00762229, 0.0202356, 0.0862221, 0.0390521, 0.040586, 0.0326096, 0.0528073, 0.0768358, 0.046293, 0.0158898, 0.0134779, 0.000486981, 0.0514381, 0.0757929, 0.0243588, 0.0389113, 0.0241514, 0.0205798, 0.0271382, 0.0271738, 0.0477723, 0.027548, 0.0571464, 0.0230006, 0.0410691, 0.0112, 0.0347876, 0.0207287, 0.0320122, 0.0288638, 0.022328, 0.032954, 0.0379065, 0.0376583, 0.0195592, 0.0270437, 0.0267269, 0.0293391, 0.0384254, 0.0254738, 0.0261708, 0.0514517, 0.0558268, 0.01836, 0.0365389, 0.0153243, 0.0564319, 0.0583159, 0.0247882, 0.0325002, 0.0498099, 0.0463388, 0.0343945, 0.052518, 0.0550506, 0.0554308, 0.092392, 0.108364, 0.0186365, 0.5, 0.00872602, 0.0931716, 0.0451746, 0.0748956, 0.0236534, 0.0542374, 0.029698, 0.0207887, 0.0369275, 0.0317006, 0.0898325, 0.0847169, 0.0441696, 0.06079, 0.0174366, 0.00775869, 0, 0.0251118, 0.0531402, 0.0491619, 0.023561, 0.016663, 0.0359004, 0.017817, 0.0348923, 0.0841265, 0.0450651, 0.0444072, 0.03738, 0.00926109, 0.0175331, 0.0214936, 0.0399215, 0.0188572, 0.00963399, 0.0233957, 0.0381206, 0.0387075, 0.0262864, 0.0652447, 0.0166181, 0.0320576, 0.062997, 0.0272489, 0.0056428, 0.0483278, 0.0326561, 0.02064, 0.0687712, 0.0217065, 0.0708913, 0.0708374, 0.0291676, 0.0230482, 0.0480675, 0.0429699, 0.0528286, 0.0855329, 0.0938021, 0.100759, 0.0230993, 4.44e-16, 0.5, 0.00363823, 0.0659748, 0.063056, 0.0666419, 0.065875, 0.072927, 0.0552759, 0.0690724, 0.0528625, 0.00497626, 0.0120403, 0.0457752, 0.0547304, 0.0466734, 0.109437, 0.0524177, 0.0226031, 0.0385222, 0.0373387, 0.0125714, 0, 0.00642399, 0.0302137, 0.0214093, 0.0273858, 0.0229956, 0.0160105, 0.0224587, 0.0202461, 0.0158467, 0.0561944, 0.0409817, 0.0164166, 0.0237929, 0.0312321, 0.0220424, 0.076048, 0.0403797, 0.0233668, 0.0168018, 0.0166171, 0.0219461, 0.0695039, 0.0187796, 0.0460728, 0.0563139, 0.0563126, 0.049471, 0.0289399, 0.022099, 0.0598357, 0.0718678, 0.0680411, 0.0428889, 0.0579057, 0.0765508, 0.0651999, 0.0115615, 0.5, 0.0025552, 0.0459029, 0.0661942, 0.0660752, 0.0701246, 0.0546306, 0.0561688, 0.057844, 0.0320768, 0.0463413, 0.0677892, 0.0400307, 0.0623428, 0.0308293, 0.0603872, 0.0438079, 0.0502441, 0.0442352, 0.024192, 0.0326202, 0, 0.006797, 0.00738986, 0.0399007, 0.0365434, 0.040118, 0.0427341, 0.0408884, 0.0352202, 0.010207, 0.0179543, 0.0252242, 0.0377261, 0.0435367, 0.0276041, 0.0309287, 0.0586513, 0.0404536, 0.0289556, 0.0124975, 0.0133119, 0.0152312, 0.015237, 0.0185011, 0.0607372, 0.0568893, 0.045409, 0.0818367, 0.0523576, 0.0294541, 0.0342744, 0.0750483, 0.0983916, 0.0661541, 0, 0.5, 0.00256563, 0.0354499, 0.0967871, 0.0304961, 0.0624711, 0.0530956, 0.0780089, 0.0753337, 0.0440577, 0.0555244, 0.0580323, 0.019515, 0.0280728, 0.0522588, 0.0445581, 0.000423601, 0.00340933, 0.0142661, 0.0412291, 0.0380926, 0.0508451, 0.0293065, 0.0243493, 0.0354647, 0.0657172, 0.0591894, 0.021793, 0.0212891, 0.0338048, 0.0126068, 0.0219836, 0.0152028, 0.0369419, 0.0519877, 0.0354696, 0.0842386, 0.0175819, 0.0199062, 0.00852125, 0.0119803, 0.0399414, 0.0305242, 0.0560073, 0.0705063, 0.0790549, 0.0524294, 0.0708282, 0.0494185, 0.0686893, 0.0235067, 0.5, 0.00311838, 0.0408917, 0.0602146, 0.053772, 0.0812199, 0.0578048, 0.0580779, 0.0541162, 0.05263, 0.06911, 0.0219535, 0.0360274, 0.0548822, 0.0493379, 0.00774172, 0.00167357, 2.57683e-09, 2.57683e-09, 2.57683e-09, 2.57683e-09, 2.57683e-09, 2.57683e-09, 0.000254782, 0.0180705, 0.0343694, 0.0293706, 0.0899985, 0.0500604, 0.0548932, 0.042358, 0.0679519, 0.0563498, 0.0187008, 0.0281544, 0.0329515, 0.0285489, 0.0458303, 0.0621989, 0.0426728, 0.0722165, 0.0335257, 0.0484928, 0.0441294, 0.0292753, 0.0731479, 0.0791875, 0.0845959, 0.5, 0.00180429, 0.0475339, 0.0967421, 0.041478, 0.0961336, 0.0683555, 0.0350043, 0.0271118, 0.0512802, 0.0435931, 0.0940375, 0.0476555, 0.04038, 0.000670867, 0.0135808, 0.0208805, 0.0213805, 0.034445, 0.0653172, 0.0277795, 0.0340745, 0.0310884, 0.0244058, 0.0207178, 0.0796108, 0.0355762, 0.0179497, 0.0626052, 0.0512119, 0.0240385, 0.033939, 0.0456935, 0.039756, 0.0385456, 0.0422735, 0.0336747, 0.0202036, 0.0308451, 0.0324919, 0.0703363, 0.0578963, 0.0803327, 0.0695325, 0.0840719, 0.0830616, 0.0316163, 0.5, 0.0054617, 0.0520444, 0.0525488, 0.0535691, 0.0540606, 0.0298193, 0.089439, 0.0555154, 0.053251, 0.0139218, 0.0207427, 0.0616746, 0.070765, 0.0257867, 0.0286377, 0.0720392, 0.00432729, 1.11e-16, 0.00015035, 0.0178362, 0.0490794, 0.038024, 0.0196068, 0.0710248, 0.0376025, 0.0504205, 0.0454541, 0.0323312, 0.0113449, 0.0305524, 0.0113733, 0.023892, 0.06993, 0.0421707, 0.0380539, 0.0175801, 0.0378229, 0.0443806, 0.0533414, 0.0833556, 0.0718156, 0.075145, 0.0601928, 0.0490342, 0.0523867, 0, 0.5, 0.00246215, 0.0414526, 0.0694732, 0.0441323, 0.0789324, 0.042426, 0.0528961, 0.0464383, 0.0702326, 0.0463065, 0.063228, 0.00863428, 0.00417707, 0.0295361, 0.0333374, 0.0375494, 0.0381136, 0.0706541, 0.0340674, 0.0219583, 0.0347382, 0.0332698, 0.054541, 0.034188, 0.0131662, 0.0513334, 0.0288868, 0.0245162, 0.00605446, 0.0192549, 0.0335227, 0.074185, 0.0430995, 0.0411984, 0.0677075, 0.0427865, 0.0455982, 0.0373503, 0.0844047, 0.0840073, 0.0265842, 0.0420102, 0.0850668, 0.119998, 0, 0.5, 0, 0, 0, 0, 0, 0, 0, 0.112119, 0.0728254, 0.0627706, 0.0601326, 0.0366619, 0.0370288, 0.0493977, 0.0359007, 0.0671054, 0.01814, 0.0399866, 0.0131545, 0.0119836, 0.0333268, 0.0215082, 0.0283396, 0.0271714, 0.0722504, 0.0562914, 0.0342328, 0.0265004, 0.0216383, 0.0180766, 0.0283719, 0.0473002, 0.0438517, 0.0685355, 0.0524248, 0.113364, 0.0845014, 0.062717, 0.00116863, 0.5, 0, 0, 0, 0, 0, 0, 0, 0.0708875, 0.0453047, 0.0259289, 0.0517155, 0.0748121, 0.0248221, 0.00972092, 0.0133159, 0.00915859, 0.0414567, 0.0423741, 0.0553446, 0.0376553, 0.0418359, 0.0334243, 0.0267127, 0.0430902, 0.0421172, 0.0731879, 0.0273578, 0.0226178, 0.0294714, 0.0611993, 0.0623871, 0.0934978, 0.0707377, 0.0957652, 0.00775586, 0, 0.5, 0, 0, 0, 0, 0, 0, 0, 0.00490318, 0.0994633, 0.04345, 0.0686625, 0.0562242, 0.0652308, 0.0277779, 0.0093755, 0.0284366, 0.0216834, 0.0339911, 0.0287407, 0.076337, 0.0746588, 0.0227701, 0.081576, 0.0818703, 0.0203752, 0.0139672, 0.0590995, 0.0373773, 0.0223542, 0.0653871, 0.081336, 0.133626, 0.0947198, 0.0286432, 0, 0.5, 0.00546878, 0.0571231, 0.0632777, 0.0803253, 0.0527087, 0.0489521, 0.0736936, 0.0561154, 0.11402, 0.0535902, 0.018428, 0.000706173, 3.38287e-05, 3.38287e-05, 3.30168e-05, 0.0249982, 0.0748058, 0.120423, 0.0976241, 0.0413108, 0.0340276, 0.0362295, 0.0133935, 0.0202045, 0.0448, 0.081672, 0.097182, 0.114559, 0.0546974, 0, 0.5, 0.00828482, 0.0553496, 0.085168, 0.110196, 0.138036, 0.0412447, 0.0359469, 0.0334672, 0.0153941, 0.094778, 0.0832345, 0.0502688, 0.0308518, 0.0290362, 0.0269914, 0.0760798, 0.0199601, 0.107165, 0.011167, 0.0427172, 0.0496389, 0.05304, 0.0628974, 0.123822, 0.0840542, 0.0444895, 0, 0, 0.5, 0.00642954, 0.0937612, 0.116694, 0.130714, 0.0534279, 0.00720248, 0.0611023, 0.076925, 0.0308763, 0.0487582, 0.0342115, 0.0282874, 0.0295703, 0.0278545, 0.0709781, 0.0503829, 0.020609, 0.0344509, 0.0873362, 0.0614104, 0.0389154, 0.0671566, 0.0512101, 0.0927454, 0.0458282, 0, 0, 0.5, 0.0171042, 0.0751601, 0.121264, 0.0401698, 0.071029, 0.112103, 0.0357819, 0.0176496, 1.18963e-05, 1.18963e-05, 0.00943803, 0.0784824, 0.0813568, 0.0523829, 0.0487726, 0.0396855, 0.074157, 0.0766002, 0.113995, 0.5, 0.00394912, 0.086879, 0.0711575, 0.0895159, 0.0510373, 0.0896955, 0.0813705, 0.0550669, 0.00842143, 0.0121365, 0.0237451, 0.0473432, 0.042583, 0.0877374, 0.0750845, 0.064781, 0.0839327, 0.0931324, 0.0333492, 0, 0, 0.5, 0, 0, 0, 0, 0, 0.122051, 0.0791284, 0.0598547, 0.0644972, 0.0246653, 0.0601494, 0.0704912, 0.0724907, 0.106263, 0.00396584, 0.5, 0, 0, 0, 0, 0, 0.000499008, 0.080964, 0.0785496, 0.126413, 0.0146489, 0.041083, 0.0801844, 0.0669025, 0.014323, 0.0983798, 0.0530996, 0), c(1, 2, 3, 4, 5, 6, 7, 8, 9, 10, 11, 12, 13, 14, 15, 16, 17, 18, 19, 20, 21, 22, 23, 24, 25, 26, 27, 28, 29, 30, 31, 32, 33, 34, 35, 36, 37, 38, 39, 40, 41, 42, 43, 44, 45, 46, 47, 48, 49, 50, 51, 52, 53, 54, 55, 56, 57, 58, 59, 60, 61, 62, 63, 64, 65, 66, 67, 68, 69, 70, 71, 72, 73, 74, 75, 76, 77, 78, 79, 80, 81, 82, 83, 84, 85, 86, 87, 88, 89, 90, 91, 92, 93, 94, 95, 96, 97, 98, 99, 100, 101, 102, 103, 104, 105, 106, 107, 108, 109, 110, 111, 112, 113, 114, 115, 116, 117, 118, 119, 120, 121, 122, 123, 124, 125, 126, 127, 128, 129, 130, 131, 132, 133, 134, 135, 136, 137, 138, 139, 140, 141, 142, 143, 144, 145, 146, 147, 148, 149, 150, 151, 152, 153, 154, 155, 156, 157, 158, 159, 160, 161, 162, 163, 164, 165, 166, 167, 168, 169, 170, 171, 172, 173, 174, 175, 176, 177, 178, 179, 180, 181, 182, 183, 184, 185, 186, 187, 188, 189, 190, 191, 192, 193, 194, 195, 196, 197, 198, 199, 200, 201, 202, 203, 204, 205, 206, 207, 208, 209, 210, 211, 212, 213, 214, 215, 216, 217, 218, 219, 220, 221, 222, 223, 224, 225, 226, 227, 228, 229, 230, 231, 232, 233, 234, 235, 236, 237, 238, 239, 240, 241, 242, 243, 244, 245, 246, 247, 248, 249, 250, 251, 252, 253, 254, 255, 256, 257, 258, 259, 260, 261, 262, 263, 264, 265, 266, 267, 268, 269, 270, 271, 272, 273, 274, 275, 276, 277, 278, 279, 280, 281, 282, 283, 284, 285, 286, 287, 288, 289, 290, 291, 292, 293, 294, 295, 296, 297, 298, 299, 300, 301, 302, 303, 304, 305, 306, 307, 308, 309, 310, 311, 312, 313, 314, 315, 316, 317, 318, 319, 320, 321, 322, 323, 324, 325, 326, 327, 328, 329, 330, 331, 332, 333, 334, 335, 336, 337, 338, 339, 340, 341, 342, 343, 344, 345, 346, 347, 348, 349, 350, 351, 352, 353, 354, 355, 356, 357, 358, 359, 360, 361, 362, 363, 364, 365, 366, 367, 368, 369, 370, 371, 372, 373, 374, 375, 376, 377, 378, 379, 380, 381, 382, 383, 384, 385, 386, 387, 388, 389, 390, 391, 392, 393, 394, 395, 396, 397, 398, 399, 400, 401, 402, 403, 404, 405, 406, 407, 408, 409, 410, 411, 412, 413, 414, 415, 416, 417, 418, 419, 420, 421, 422, 423, 424, 425, 426, 427, 428, 429, 430, 431, 432, 433, 434, 435, 436, 437, 438, 439, 440, 441, 442, 443, 444, 445, 446, 447, 448, 449, 450, 451, 452, 453, 454, 455, 456, 457, 458, 459, 460, 461, 462, 463, 464, 465, 466, 467, 468, 469, 470, 471, 472, 473, 474, 475, 476, 477, 478, 479, 480, 481, 482, 483, 484, 485, 486, 487, 488, 489, 490, 491, 492, 493, 494, 495, 496, 497, 498, 499, 500, 501, 502, 503, 504, 505, 506, 507, 508, 509, 510, 511, 512, 513, 514, 515, 516, 517, 518, 519, 520, 521, 522, 523, 524, 525, 526, 527, 528, 529, 530, 531, 532, 533, 534, 535, 536, 537, 538, 539, 540, 541, 542, 543, 544, 545, 546, 547, 548, 549, 550, 551, 552, 553, 554, 555, 556, 557, 558, 559, 560, 561, 562, 563, 564, 565, 566, 567, 568, 569, 570, 571, 572, 573, 574, 575, 576, 577, 578, 579, 580, 581, 582, 583, 584, 585, 586, 587, 588, 589, 590, 591, 592, 593, 594, 595, 596, 597, 598, 599, 600, 601, 602, 603, 604, 605, 606, 607, 608, 609, 610, 611, 612, 613, 614, 615, 616, 617, 618, 619, 620, 621, 622, 623, 624, 625, 626, 627, 628, 629, 630, 631, 632, 633, 634, 635, 636, 637, 638, 639, 640, 641, 642, 643, 644, 645, 646, 647, 648, 649, 650, 651, 652, 653, 654, 655, 656, 657, 658, 659, 660, 661, 662, 663, 664, 665, 666, 667, 668, 669, 670, 671, 672, 673, 674, 675, 676, 677, 678, 679, 680, 681, 682, 683, 684, 685, 686, 687, 688, 689, 690, 691, 692, 693, 694, 695, 696, 697, 698, 699, 700, 701, 702, 703, 704, 705, 706, 707, 708, 709, 710, 711, 712, 713, 714, 715, 716, 717, 718, 719, 720, 721, 722, 723, 724, 725, 726, 727, 728, 729, 730, 731, 732, 733, 734, 735, 736, 737, 738, 739, 740, 741, 742, 743, 744, 745, 746, 747, 748, 749, 750, 751, 752, 753, 754, 755, 756, 757, 758, 759, 760, 761, 762, 763, 764, 765, 766, 767, 768, 769, 770, 771, 772, 773, 774, 775, 776, 777, 778, 779, 780, 781, 782, 783, 784, 785, 786, 787, 788, 789, 790, 791, 792, 793, 794, 795, 796, 797, 798, 799, 800, 801, 802, 803, 804, 805, 806, 807, 808, 809, 810, 811, 812, 813, 814, 815, 816, 817, 818, 819, 820, 821, 822, 823, 824, 825, 826, 827, 828, 829, 830, 831, 832, 833, 834, 835, 836, 837, 838, 839, 840, 841, 842, 843, 844, 845, 846, 847, 848, 849, 850, 851, 852, 853, 854, 855, 856, 857, 858, 859, 860, 861, 862, 863, 864, 865, 866, 867, 868, 869, 870, 871, 872, 873, 874, 875, 876, 877, 878, 879, 880, 881, 882, 883, 884, 885, 886, 887, 888, 889, 890, 891, 892, 893, 894, 895, 896, 897, 898, 899, 900, 901, 902, 903, 904, 905, 906, 907, 908, 909, 910, 911, 912, 913, 914, 915, 916, 917, 918, 919, 920, 921, 922, 923, 924, 925, 926, 927, 928, 929, 930, 931, 932, 933, 934, 935, 936, 937, 938, 939, 940, 941, 942, 943, 944, 945, 946, 947, 948, 949, 950, 951, 952, 953, 954, 955, 956, 957, 958, 959, 960, 961, 962, 963, 964, 965, 966, 967, 968, 969, 970, 971, 972, 973, 974, 975, 976, 977, 978, 979, 980, 981, 982, 983, 984, 985, 986, 987, 988, 989, 990, 991, 992, 993, 994, 995, 996, 997, 998, 999));

// Starting run at generation <start>:
1 

20000
0.1
0.0828587
0.0760636
0.0727744
0.0710664
0.0701538
0.0696872
0.0693779
0.0691146
0.0689253
0.0687699
0.0686208
0.0685434
0.0683925
0.0683605
0.0682154
0.0681809
0.0681583
0.0680402
0.0679867
0.0679801
0.0679354
0.0678379
0.0677841
0.0677531
0.0676856
0.0675634
0.0674999
0.0674511
0.0674131
0.0674092
0.0673871
0.0673957
0.067324
0.06731
0.0672667
0.0672053
0.0671238
0.0670853
0.067084
0.0670872
0.067039
0.0669951
0.0669536
0.0669613
0.0669113
0.0668641
0.0667871
0.0667352
0.066703
0.0666876
0.0666754
0.0666314
0.066603
0.0665586
0.0665334
0.0664941
0.0664617
0.0664782
0.0664427
0.0663965
0.0663803
0.0663238
0.0663421
0.0663547
0.0663486
0.0663093
0.0662578
0.0662216
0.0661885
0.0661845
0.0661935
0.0661663
0.0661492
0.066139
0.0661174
0.0660893
0.0660787
0.0660841
0.0660121
0.0660044
0.065989
0.0659676
0.0659603
0.0659673
0.0659488
0.0659383
0.0659539
0.0659323
0.0658983
0.0658758
0.0658464
0.065822
0.0658336
0.0658269
0.0657657
0.0657243
0.0656928
0.0656408
0.0656449
0.0656076
0.0656161
0.0655886
0.0655761
0.0655841
0.065589
0.0655718
0.0655348
0.0655124
0.0655142
0.0654888
0.065466
0.0654102
0.0653704
0.0653354
0.0653396
0.0653318
0.0653074
0.0652857
0.0652669
0.0652415
0.0651951
0.0651441
0.0651342
0.0651185
0.0651233
0.0650641
0.0650379
0.0650175
0.0650238
0.064964
0.0649251
0.0649016
0.0648643
0.0648115
0.0648015
0.0647992
0.0647969
0.0647889
0.0647649
0.0647591
0.0647254
0.0647105
0.0646873
0.0646754
0.0646502
0.0646208
0.0646422
0.0646007
0.0645449
0.0645428
0.0645283
0.0645251
0.0644744
0.064475
0.0644795
0.0644499
0.0644127
0.0643982
0.0643812
0.0643715
0.0642928
0.0642854
0.0642433
0.0642149
0.0641778
0.0641723
0.0641606
0.0641641
0.0641278
0.0640955
0.0640723
0.0640717
0.0640687
0.0640841
0.0641045
0.0641017
0.0641088
0.0640909
0.0641114
0.064091
0.0640453
0.0640049
0.0639893
0.0639601
0.0639542
0.0639563
0.0639149
0.0639358
0.0639056
0.0638908
0.0639173
0.0638771
0.0638568
0.0637922
0.0637591
0.0637395
0.0637307
0.0637086
0.0636938
